# JRE version: Java(TM) SE Runtime Environment (10.0+46) (build 10+46)
# Java VM: Java HotSpot(TM) 64-Bit Server VM (10+46, mixed mode, tiered, compressed oops, g1 gc, bsd-amd64)
Heap:
 garbage-first heap   total 315392K, used 60771K [0x00000006c0000000, 0x00000007c0000000)
  region size 1024K, 49 young (50176K), 23 survivors (23552K)
 Metaspace       used 57732K, capacity 59510K, committed 59648K, reserved 1101824K
  class space    used 6716K, capacity 7333K, committed 7424K, reserved 1048576K
GC Heap History (10 events):
Event: 1.301 GC heap before
{Heap before GC invocations=1 (full 0):
 garbage-first heap   total 262144K, used 54732K [0x00000006c0000000, 0x00000007c0000000)
  region size 1024K, 51 young (52224K), 3 survivors (3072K)
 Metaspace       used 20681K, capacity 21150K, committed 21296K, reserved 1069056K
  class space    used 2224K, capacity 2430K, committed 2432K, reserved 1048576K
}
Event: 1.311 GC heap after
{Heap after GC invocations=2 (full 0):
 garbage-first heap   total 262144K, used 9267K [0x00000006c0000000, 0x00000007c0000000)
  region size 1024K, 6 young (6144K), 6 survivors (6144K)
 Metaspace       used 20681K, capacity 21150K, committed 21296K, reserved 1069056K
  class space    used 2224K, capacity 2430K, committed 2432K, reserved 1048576K
}
Event: 2.278 GC heap before
{Heap before GC invocations=3 (full 0):
 garbage-first heap   total 262144K, used 70707K [0x00000006c0000000, 0x00000007c0000000)
  region size 1024K, 66 young (67584K), 6 survivors (6144K)
 Metaspace       used 29880K, capacity 30793K, committed 30976K, reserved 1077248K
  class space    used 3413K, capacity 3791K, committed 3840K, reserved 1048576K
}
Event: 2.288 GC heap after
{Heap after GC invocations=4 (full 0):
 garbage-first heap   total 262144K, used 12802K [0x00000006c0000000, 0x00000007c0000000)
  region size 1024K, 7 young (7168K), 7 survivors (7168K)
 Metaspace       used 29880K, capacity 30793K, committed 30976K, reserved 1077248K
  class space    used 3413K, capacity 3791K, committed 3840K, reserved 1048576K
}
Event: 2.750 GC heap before
{Heap before GC invocations=4 (full 0):
 garbage-first heap   total 262144K, used 87554K [0x00000006c0000000, 0x00000007c0000000)
  region size 1024K, 81 young (82944K), 7 survivors (7168K)
 Metaspace       used 34633K, capacity 35476K, committed 35708K, reserved 1081344K
  class space    used 3970K, capacity 4347K, committed 4352K, reserved 1048576K
}
Event: 2.760 GC heap after
{Heap after GC invocations=5 (full 0):
 garbage-first heap   total 262144K, used 14217K [0x00000006c0000000, 0x00000007c0000000)
  region size 1024K, 5 young (5120K), 5 survivors (5120K)
 Metaspace       used 34633K, capacity 35476K, committed 35708K, reserved 1081344K
  class space    used 3970K, capacity 4347K, committed 4352K, reserved 1048576K
}
Event: 5.657 GC heap before
{Heap before GC invocations=6 (full 0):
 garbage-first heap   total 262144K, used 165769K [0x00000006c0000000, 0x00000007c0000000)
  region size 1024K, 153 young (156672K), 5 survivors (5120K)
 Metaspace       used 49011K, capacity 50321K, committed 50560K, reserved 1093632K
  class space    used 5694K, capacity 6188K, committed 6272K, reserved 1048576K
}
Event: 5.676 GC heap after
{Heap after GC invocations=7 (full 0):
 garbage-first heap   total 315392K, used 22579K [0x00000006c0000000, 0x00000007c0000000)
  region size 1024K, 13 young (13312K), 13 survivors (13312K)
 Metaspace       used 49011K, capacity 50321K, committed 50560K, reserved 1093632K
  class space    used 5694K, capacity 6188K, committed 6272K, reserved 1048576K
}
Event: 123.871 GC heap before
{Heap before GC invocations=7 (full 0):
 garbage-first heap   total 315392K, used 197683K [0x00000006c0000000, 0x00000007c0000000)
  region size 1024K, 184 young (188416K), 13 survivors (13312K)
 Metaspace       used 57302K, capacity 59064K, committed 59264K, reserved 1101824K
  class space    used 6666K, capacity 7296K, committed 7296K, reserved 1048576K
}
Event: 123.889 GC heap after
{Heap after GC invocations=8 (full 0):
 garbage-first heap   total 315392K, used 35171K [0x00000006c0000000, 0x00000007c0000000)
  region size 1024K, 23 young (23552K), 23 survivors (23552K)
 Metaspace       used 57302K, capacity 59064K, committed 59264K, reserved 1101824K
  class space    used 6666K, capacity 7296K, committed 7296K, reserved 1048576K
}

